<?xml version="1.0" encoding="UTF-8"?>
<!-- Generated by org.testng.reporters.JUnitReportReporter -->
<testsuite hostname="bf2c1d43119a555" failures="0" tests="1" name="com.ust.text.Firsttext" time="13.974" errors="0" timestamp="2023-03-30T16:39:25 IST" skipped="0">
  <testcase classname="com.ust.text.Firsttext" name="Testgoogle" time="13.974"/>
  <system-out/>
</testsuite> <!-- com.ust.text.Firsttext -->
