<?xml version="1.0" encoding="UTF-8"?>
<!-- Generated by org.testng.reporters.JUnitReportReporter -->
<testsuite hostname="bf2c1d43119a555" failures="0" tests="2" name="com.ust.test.FirstTest" time="0.013" errors="0" timestamp="2023-03-30T16:50:28 IST" skipped="0">
  <testcase classname="com.ust.test.FirstTest" name="f" time="0.009"/>
  <system-out/>
  <testcase classname="com.ust.test.FirstTest" name="a" time="0.004"/>
  <system-out/>
</testsuite> <!-- com.ust.test.FirstTest -->
